# JRE version: OpenJDK Runtime Environment Zulu17.56+15-CA (17.0.14+7) (build 17.0.14+7-LTS)
# Java VM: OpenJDK 64-Bit Server VM Zulu17.56+15-CA (17.0.14+7-LTS, mixed mode, sharing, tiered, compressed oops, compressed class ptrs, g1 gc, bsd-aarch64)
Heap:
 garbage-first heap   total 303104K, used 91359K [0x00000006e0000000, 0x0000000800000000)
  region size 4096K, 17 young (69632K), 1 survivors (4096K)
 Metaspace       used 18945K, committed 19264K, reserved 1114112K
  class space    used 2648K, committed 2816K, reserved 1048576K
GC Heap History (6 events):
Event: 0.638 GC heap before
{Heap before GC invocations=0 (full 0):
 garbage-first heap   total 303104K, used 24544K [0x00000006e0000000, 0x0000000800000000)
  region size 4096K, 5 young (20480K), 0 survivors (0K)
 Metaspace       used 13800K, committed 14016K, reserved 1114112K
  class space    used 2261K, committed 2368K, reserved 1048576K
}
Event: 0.640 GC heap after
{Heap after GC invocations=1 (full 0):
 garbage-first heap   total 303104K, used 11245K [0x00000006e0000000, 0x0000000800000000)
  region size 4096K, 1 young (4096K), 1 survivors (4096K)
 Metaspace       used 13800K, committed 14016K, reserved 1114112K
  class space    used 2261K, committed 2368K, reserved 1048576K
}
Event: 26.289 GC heap before
{Heap before GC invocations=1 (full 0):
 garbage-first heap   total 303104K, used 15341K [0x00000006e0000000, 0x0000000800000000)
  region size 4096K, 3 young (12288K), 1 survivors (4096K)
 Metaspace       used 16262K, committed 16512K, reserved 1114112K
  class space    used 2555K, committed 2688K, reserved 1048576K
}
Event: 26.296 GC heap after
{Heap after GC invocations=2 (full 0):
 garbage-first heap   total 303104K, used 13554K [0x00000006e0000000, 0x0000000800000000)
  region size 4096K, 1 young (4096K), 1 survivors (4096K)
 Metaspace       used 16262K, committed 16512K, reserved 1114112K
  class space    used 2555K, committed 2688K, reserved 1048576K
}
Event: 540.589 GC heap before
{Heap before GC invocations=2 (full 0):
 garbage-first heap   total 303104K, used 87282K [0x00000006e0000000, 0x0000000800000000)
  region size 4096K, 16 young (65536K), 1 survivors (4096K)
 Metaspace       used 18681K, committed 19008K, reserved 1114112K
  class space    used 2641K, committed 2816K, reserved 1048576K
}
Event: 540.592 GC heap after
{Heap after GC invocations=3 (full 0):
 garbage-first heap   total 303104K, used 29919K [0x00000006e0000000, 0x0000000800000000)
  region size 4096K, 1 young (4096K), 1 survivors (4096K)
 Metaspace       used 18681K, committed 19008K, reserved 1114112K
  class space    used 2641K, committed 2816K, reserved 1048576K
}

